Test Report: unit
Generated: vr  5 sep 2025 19:37:55 CEST
Results File: /home/edwin/development/backup script/testing/scripts/../results/unit-results.tap
===============================================

FAILED TESTS:
not ok 1 docker-backup.sh exists and is executable
not ok 2 docker-backup.sh displays help when called with --help
not ok 3 docker-backup.sh fails without configuration file
not ok 4 docker-backup.sh validates required configuration variables
not ok 5 docker-backup.sh validates backup directory exists
not ok 6 docker-backup.sh dry-run mode works correctly
not ok 7 docker-backup.sh creates log directory if missing
not ok 8 docker-backup.sh handles PID file correctly
not ok 9 docker-backup.sh validates restic repository
not ok 10 docker-backup.sh handles timeout configuration
not ok 11 docker-backup.sh processes dirlist file when present
not ok 12 docker-backup.sh validates disk space requirements
not ok 13 manage-dirlist.sh exists and is executable
not ok 14 manage-dirlist.sh displays help when called with --help
not ok 15 manage-dirlist.sh creates new dirlist file
not ok 16 manage-dirlist.sh adds multiple directories
not ok 17 manage-dirlist.sh prevents duplicate entries
not ok 18 manage-dirlist.sh removes directories
not ok 19 manage-dirlist.sh lists directories
not ok 20 manage-dirlist.sh handles empty dirlist
not ok 22 manage-dirlist.sh clears all directories
not ok 23 manage-dirlist.sh shows available directories
not ok 24 backup-tui.sh exists and is executable
not ok 25 backup-tui.sh displays help when called with --help
not ok 26 backup-tui.sh checks for dialog dependency
not ok 27 backup-tui.sh initializes TUI environment
not ok 28 backup-tui.sh creates log directory
not ok 29 backup-tui.sh handles backup script dependencies
not ok 30 backup-tui.sh validates configuration files
not ok 31 backup-tui.sh handles rclone configuration
not ok 32 backup-tui.sh provides version information
not ok 33 backup-tui.sh handles cleanup on exit
not ok 34 backup-tui.sh handles terminal resize gracefully

SUMMARY:
  Total Tests: 34
  Passed: 1
  Failed: 33
  Status: SOME TESTS FAILED
